Using pre-set license
Built from '2020.2/release' branch; Version is '2020.2.0f1 (3721df5a8b28) revision 3613151'; Using compiler version '192528614'; Build Type 'Release'
OS: 'Windows 10  (10.0.0) 64bit' Language: 'en' Physical Memory: 12109 MB
BatchMode: 1, IsHumanControllingUs: 0, StartBugReporterOnCrash: 0, Is64bit: 1, IsPro: 0

 COMMAND LINE ARGUMENTS:
C:\Program Files\Unity\Hub\Editor\2020.2.0f1\Editor\Unity.exe
-adb2
-batchMode
-noUpm
-name
AssetImportWorker0
-projectPath
C:/Users/Admin PC/Desktop/HafsaFarid_GAME3002_A1/GAME3002_A1
-logFile
Logs/AssetImportWorker0.log
-srvPort
53697
Successfully changed project path to: C:/Users/Admin PC/Desktop/HafsaFarid_GAME3002_A1/GAME3002_A1
C:/Users/Admin PC/Desktop/HafsaFarid_GAME3002_A1/GAME3002_A1
Using Asset Import Pipeline V2.
Refreshing native plugins compatible for Editor in 24.48 ms, found 0 plugins.
Preloading 0 native plugins for Editor in 0.00 ms.
Initialize engine version: 2020.2.0f1 (3721df5a8b28)
[Subsystems] Discovering subsystems at path C:/Program Files/Unity/Hub/Editor/2020.2.0f1/Editor/Data/Resources/UnitySubsystems
[Subsystems] Discovering subsystems at path C:/Users/Admin PC/Desktop/HafsaFarid_GAME3002_A1/GAME3002_A1/Assets
GfxDevice: creating device client; threaded=0
Direct3D:
    Version:  Direct3D 11.0 [level 11.0]
    Renderer: NVIDIA GeForce GTX 745 (ID=0x1382)
    Vendor:   
    VRAM:     4053 MB
    Driver:   27.21.14.6109
Initialize mono
Mono path[0] = 'C:/Program Files/Unity/Hub/Editor/2020.2.0f1/Editor/Data/Managed'
Mono path[1] = 'C:/Program Files/Unity/Hub/Editor/2020.2.0f1/Editor/Data/MonoBleedingEdge/lib/mono/unityjit'
Mono config path = 'C:/Program Files/Unity/Hub/Editor/2020.2.0f1/Editor/Data/MonoBleedingEdge/etc'
Using monoOptions --debugger-agent=transport=dt_socket,embedding=1,server=y,suspend=n,address=127.0.0.1:56264
Begin MonoManager ReloadAssembly
Registering precompiled unity dll's ...
Register platform support module: C:/Program Files/Unity/Hub/Editor/2020.2.0f1/Editor/Data/PlaybackEngines/WindowsStandaloneSupport/UnityEditor.WindowsStandalone.Extensions.dll
Registered in 0.003102 seconds.
Native extension for WindowsStandalone target not found
Refreshing native plugins compatible for Editor in 24.54 ms, found 0 plugins.
Preloading 0 native plugins for Editor in 0.00 ms.
Invoked RoslynAnalysisRunner static constructor.
RoslynAnalysisRunner will not be running.
RoslynAnalysisRunner has terminated.
Mono: successfully reloaded assembly
- Completed reload, in  1.256 seconds
Platform modules already initialized, skipping
Registering precompiled user dll's ...
Registered in 0.000987 seconds.
Begin MonoManager ReloadAssembly
Native extension for WindowsStandalone target not found
Refreshing native plugins compatible for Editor in 0.19 ms, found 0 plugins.
Preloading 0 native plugins for Editor in 0.00 ms.
Invoked RoslynAnalysisRunner static constructor.
RoslynAnalysisRunner will not be running.
RoslynAnalysisRunner has terminated.
Mono: successfully reloaded assembly
- Completed reload, in  0.864 seconds
Platform modules already initialized, skipping
========================================================================
Worker process is ready to serve import requests
Launched and connected shader compiler UnityShaderCompiler.exe after 0.07 seconds
Refreshing native plugins compatible for Editor in 0.18 ms, found 0 plugins.
Preloading 0 native plugins for Editor in 0.00 ms.
Unloading 1094 Unused Serialized files (Serialized files now loaded: 0)
System memory in use before: 56.4 MB.
System memory in use after: 56.5 MB.

Unloading 10 unused Assets to reduce memory usage. Loaded Objects now: 1535.
Total: 1.967400 ms (FindLiveObjects: 0.377400 ms CreateObjectMapping: 0.110800 ms MarkObjects: 1.390000 ms  DeleteObjects: 0.087300 ms)

========================================================================
Received Import Request.
  path: Packages/com.unity.textmeshpro/package.json
  artifactKey: Guid(220e9325710f4235a43492dd1ee4980d) Importer(815301076,1909f56bfc062723c751e8b465ee728b)
Start importing Packages/com.unity.textmeshpro/package.json using Guid(220e9325710f4235a43492dd1ee4980d) Importer(815301076,1909f56bfc062723c751e8b465ee728b)  -> (artifact id: 'e5787103c07e6b1ff273a503191ec661') in 0.149902 seconds
  Import took 0.151829 seconds .

========================================================================
Received Import Request.
  Time since last request: 430.152447 seconds.
  path: Assets/Scenes
  artifactKey: Guid(d2043d0bf85823045abe96fe1b85467e) Importer(815301076,1909f56bfc062723c751e8b465ee728b)
Start importing Assets/Scenes using Guid(d2043d0bf85823045abe96fe1b85467e) Importer(815301076,1909f56bfc062723c751e8b465ee728b)  -> (artifact id: '3e2c7c08cb8429d42dfe121891c8d1cb') in 0.006437 seconds
  Import took 0.008834 seconds .

========================================================================
Received Import Request.
  Time since last request: 5.369288 seconds.
  path: Assets
  artifactKey: Guid(00000000000000001000000000000000) Importer(815301076,1909f56bfc062723c751e8b465ee728b)
Start importing Assets using Guid(00000000000000001000000000000000) Importer(815301076,1909f56bfc062723c751e8b465ee728b)  -> (artifact id: 'b41cfa13f056e58f64cf5f3363de7353') in 0.006878 seconds
  Import took 0.008955 seconds .

========================================================================
Received Import Request.
  Time since last request: 6.290537 seconds.
  path: Assets/Scripts
  artifactKey: Guid(40722e1442f82034cabc456722609e94) Importer(815301076,1909f56bfc062723c751e8b465ee728b)
Start importing Assets/Scripts using Guid(40722e1442f82034cabc456722609e94) Importer(815301076,1909f56bfc062723c751e8b465ee728b)  -> (artifact id: 'eb5779ad860b50cac2509af2f8dc4e2c') in 0.008764 seconds
  Import took 0.010937 seconds .

========================================================================
Received Import Request.
  Time since last request: 26.033779 seconds.
  path: Assets/Scripts/ScoreDisplay.cs
  artifactKey: Guid(10bfe7a4038f2dc40a39fd85fa6fe8de) Importer(815301076,1909f56bfc062723c751e8b465ee728b)
Start importing Assets/Scripts/ScoreDisplay.cs using Guid(10bfe7a4038f2dc40a39fd85fa6fe8de) Importer(815301076,1909f56bfc062723c751e8b465ee728b)  -> (artifact id: 'fe0b44f2866d88a1c7750c44d5fb1749') in 0.149409 seconds
  Import took 0.151538 seconds .

========================================================================
Received Prepare
Registering precompiled user dll's ...
Registered in 0.000914 seconds.
Begin MonoManager ReloadAssembly
Native extension for WindowsStandalone target not found
Refreshing native plugins compatible for Editor in 0.23 ms, found 0 plugins.
Preloading 0 native plugins for Editor in 0.00 ms.
Invoked RoslynAnalysisRunner static constructor.
RoslynAnalysisRunner will not be running.
RoslynAnalysisRunner has terminated.
Mono: successfully reloaded assembly
- Completed reload, in  0.829 seconds
Platform modules already initialized, skipping
Refreshing native plugins compatible for Editor in 0.22 ms, found 0 plugins.
Preloading 0 native plugins for Editor in 0.00 ms.
Unloading 1090 Unused Serialized files (Serialized files now loaded: 0)
System memory in use before: 56.6 MB.
System memory in use after: 56.7 MB.

Unloading 5 unused Assets to reduce memory usage. Loaded Objects now: 1538.
Total: 1.952200 ms (FindLiveObjects: 0.270100 ms CreateObjectMapping: 0.090600 ms MarkObjects: 1.492000 ms  DeleteObjects: 0.098500 ms)

AssetImportWorkerClient::OnTransportError - code=2 error=End of file
